<?xml version="1.0" encoding="UTF-8"?>
<!-- Generated by org.testng.reporters.JUnitReportReporter -->
<testsuite skipped="0" hostname="lenovo-t450" name="Intro.yahooEmail" tests="2" failures="0" timestamp="27 Aug 2019 13:50:34 GMT" time="0.005" errors="0">
  <testcase name="SendYahooMail" time="0.003" classname="Intro.yahooEmail"/>
  <testcase name="SavingYahooMail" time="0.002" classname="Intro.yahooEmail"/>
</testsuite> <!-- Intro.yahooEmail -->
