<?xml version="1.0" encoding="UTF-8"?>
<!-- Generated by org.testng.reporters.JUnitReportReporter -->
<testsuite skipped="0" hostname="lenovo-t450" name="Intro.Gmail" tests="2" failures="0" timestamp="27 Aug 2019 13:50:34 GMT" time="0.017" errors="0">
  <testcase name="GmailMailSend" time="0.012" classname="Intro.Gmail"/>
  <testcase name="GmailMailSave" time="0.005" classname="Intro.Gmail"/>
</testsuite> <!-- Intro.Gmail -->
