<?xml version="1.0" encoding="UTF-8"?>
<!-- Generated by org.testng.reporters.JUnitReportReporter -->
<testsuite skipped="0" hostname="lenovo-t450" name="Intro.LearningTestNg" tests="2" failures="0" timestamp="27 Aug 2019 13:05:54 GMT" time="0.003" errors="0">
  <testcase name="MethodB" time="0.002" classname="Intro.LearningTestNg"/>
  <testcase name="MethodA" time="0.001" classname="Intro.LearningTestNg"/>
</testsuite> <!-- Intro.LearningTestNg -->
