<?xml version="1.0" encoding="UTF-8"?>
<!-- Generated by org.testng.reporters.JUnitReportReporter -->
<testsuite skipped="0" hostname="lenovo-t450" name="Intro.Grouping" tests="2" failures="0" timestamp="28 Aug 2019 04:59:17 GMT" time="0.015" errors="0">
  <testcase name="MethodB" time="0.012" classname="Intro.Grouping"/>
  <testcase name="MethodA" time="0.003" classname="Intro.Grouping"/>
</testsuite> <!-- Intro.Grouping -->
